{"2025-07-14 14:03:55.5029564 +0500 +05 m=+0.004640301":{},"file":"main.go: 34","func":"D:/GolandProjects/insight/cmd/main.go()","level":"fatal","msg":"failed to initializing db: default addr for network 'host=localhost user=root password=green2505 dbname=insight port=3306 sslmode=disable TimeZone=Asia' unknown"}
{"2025-07-14 14:04:12.8541683 +0500 +05 m=+0.003967601":{},"file":"main.go: 34","func":"D:/GolandProjects/insight/cmd/main.go()","level":"fatal","msg":"failed to initializing db: default addr for network 'host=localhost user=root password=sin dbname=insight port=3306 sslmode=disable TimeZone=Asia' unknown"}
{"2025-07-14 14:04:54.2422096 +0500 +05 m=+0.005299701":{},"file":"main.go: 34","func":"D:/GolandProjects/insight/cmd/main.go()","level":"fatal","msg":"failed to initializing db: default addr for network 'host=localhost user=root password=sin dbname=insight port=3306 sslmode=disable TimeZone=Asia' unknown"}
{"2025-07-14 14:43:23.5020704 +0500 +05 m=+0.005357001":{},"file":"authentification.go: 37","func":"D:/GolandProjects/insight/internal/handlers/authentification.go()","level":"error","msg":"record not found"}
{"2025-07-14 14:43:23.5020704 +0500 +05 m=+0.005357001":{},"file":"authentification.go: 37","func":"D:/GolandProjects/insight/internal/handlers/authentification.go()","level":"error","msg":"record not found"}
{"2025-07-14 14:43:23.5020704 +0500 +05 m=+0.005357001":{},"file":"authentification.go: 37","func":"D:/GolandProjects/insight/internal/handlers/authentification.go()","level":"error","msg":"record not found"}
{"2025-07-14 14:45:02.9473977 +0500 +05 m=+0.004302101":{},"file":"authentification.go: 48","func":"D:/GolandProjects/insight/internal/handlers/authentification.go()","level":"error","msg":"Неправильно задан логин или пароль"}
{"2025-07-14 15:45:38.475769 +0500 +05 m=+0.007055901":{},"file":"authentification.go: 48","func":"D:/GolandProjects/insight/internal/handlers/authentification.go()","level":"error","msg":"Неправильно задан логин или пароль"}
{"2025-07-14 15:51:47.2378447 +0500 +05 m=+0.003621801":{},"file":"authentification.go: 167","func":"D:/GolandProjects/insight/internal/handlers/authentification.go()","level":"error","msg":"Неправильно задан логин или пароль"}
{"2025-07-14 15:53:05.5021714 +0500 +05 m=+0.004602801":{},"file":"authentification.go: 48","func":"D:/GolandProjects/insight/internal/handlers/authentification.go()","level":"error","msg":"Неправильно задан логин или пароль"}
{"2025-07-14 15:56:05.965497 +0500 +05 m=+0.005088401":{},"file":"authentification.go: 68","func":"D:/GolandProjects/insight/internal/handlers/authentification.go()","level":"error","msg":"WHERE conditions required"}
{"2025-07-14 15:57:09.786096 +0500 +05 m=+0.004543101":{},"file":"authentification.go: 68","func":"D:/GolandProjects/insight/internal/handlers/authentification.go()","level":"error","msg":"WHERE conditions required"}
{"2025-07-14 15:57:42.8449819 +0500 +05 m=+0.007824101":{},"file":"authentification.go: 68","func":"D:/GolandProjects/insight/internal/handlers/authentification.go()","level":"error","msg":"WHERE conditions required"}
{"2025-07-14 15:58:23.794129 +0500 +05 m=+0.005921601":{},"file":"authentification.go: 68","func":"D:/GolandProjects/insight/internal/handlers/authentification.go()","level":"error","msg":"Error 1146 (42S02): Table 'insight.user_auths' doesn't exist"}
{"2025-07-14 15:59:16.7569722 +0500 +05 m=+0.003852401":{},"file":"authentification.go: 68","func":"D:/GolandProjects/insight/internal/handlers/authentification.go()","level":"error","msg":"WHERE conditions required"}
{"2025-07-14 15:59:51.0922692 +0500 +05 m=+0.004300001":{},"file":"authentification.go: 68","func":"D:/GolandProjects/insight/internal/handlers/authentification.go()","level":"error","msg":"Error 1292 (22007): Incorrect datetime value: '0000-00-00' for column 'pass_reset_at' at row 1"}
{"2025-07-14 17:16:36.5236834 +0500 +05 m=+0.002818901":{},"file":"users.go: 93","func":"D:/GolandProjects/insight/internal/handlers/users.go()","level":"error","msg":"strconv.Atoi: parsing \"\": invalid syntax"}
{"2025-07-14 17:21:25.9491181 +0500 +05 m=+0.003129301":{},"file":"users.go: 129","func":"D:/GolandProjects/insight/internal/handlers/users.go()","level":"error","msg":"strconv.Atoi: parsing \"\": invalid syntax"}
{"2025-07-14 17:22:40.2204131 +0500 +05 m=+0.003765101":{},"file":"users.go: 135","func":"D:/GolandProjects/insight/internal/handlers/users.go()","level":"error","msg":"could not base64 decode: illegal base64 data at input byte 0"}
{"2025-07-14 17:26:22.3375867 +0500 +05 m=+0.002738201":{},"file":"users.go: 135","func":"D:/GolandProjects/insight/internal/handlers/users.go()","level":"error","msg":"Error 1054 (42S22): Unknown column 'status' in 'where clause'"}
{"2025-07-15 13:08:38.0808044 +0500 +05 m=+0.006003201":{},"file":"users.go: 36","func":"D:/GolandProjects/insight/internal/handlers/users.go()","level":"error","msg":"Error 1292 (22007): Incorrect datetime value: '0000-00-00' for column 'deleted_at' at row 1"}
{"2025-07-15 14:33:29.9744634 +0500 +05 m=+0.004214301":{},"file":"orders.go: 34","func":"D:/GolandProjects/insight/internal/handlers/orders.go()","level":"error","msg":"Error 1452 (23000): Cannot add or update a child row: a foreign key constraint fails (`insight`.`orders`, CONSTRAINT `orders_shop_id_foreign` FOREIGN KEY (`shop_id`) REFERENCES `shops` (`id`))"}
{"2025-07-16 11:29:47.8733492 +0500 +05 m=+0.004247701":{},"file":"orders.go: 116","func":"D:/GolandProjects/insight/internal/handlers/orders.go()","level":"error","msg":"strconv.Atoi: parsing \"\": invalid syntax"}
{"2025-07-16 11:30:57.8815886 +0500 +05 m=+0.006465601":{},"file":"orders.go: 122","func":"D:/GolandProjects/insight/internal/handlers/orders.go()","level":"error","msg":"invalid field found for struct insight/internal/models.OrderInfo's field Products: define a valid foreign key for relations or implement the Valuer/Scanner interface"}
{"2025-07-16 11:36:09.5119058 +0500 +05 m=+0.004102001":{},"file":"orders.go: 122","func":"D:/GolandProjects/insight/internal/handlers/orders.go()","level":"error","msg":"invalid field found for struct insight/internal/models.OrderInfo's field Products: define a valid foreign key for relations or implement the Valuer/Scanner interface; invalid field found for struct insight/internal/models.OrderInfo's field Products: define a valid foreign key for relations or implement the Valuer/Scanner interface"}
{"2025-07-16 11:47:06.7109104 +0500 +05 m=+0.006547901":{},"file":"orders.go: 122","func":"D:/GolandProjects/insight/internal/handlers/orders.go()","level":"error","msg":"invalid field found for struct insight/internal/models.OrderInfo's field Products: define a valid foreign key for relations or implement the Valuer/Scanner interface"}
{"2025-07-16 12:48:41.2994261 +0500 +05 m=+0.006828101":{},"file":"orders.go: 122","func":"D:/GolandProjects/insight/internal/handlers/orders.go()","level":"error","msg":"invalid field found for struct insight/internal/models.OrderInfo's field Products: define a valid foreign key for relations or implement the Valuer/Scanner interface"}
{"2025-07-16 12:52:38.6917027 +0500 +05 m=+0.006211401":{},"file":"orders.go: 122","func":"D:/GolandProjects/insight/internal/handlers/orders.go()","level":"error","msg":"invalid field found for struct insight/internal/models.OrderInfo's field Products: define a valid foreign key for relations or implement the Valuer/Scanner interface"}
{"2025-07-16 12:53:36.6551619 +0500 +05 m=+0.006099101":{},"file":"orders.go: 122","func":"D:/GolandProjects/insight/internal/handlers/orders.go()","level":"error","msg":"invalid field found for struct insight/internal/models.OrderInfo's field Products: define a valid foreign key for relations or implement the Valuer/Scanner interface"}
{"2025-07-16 12:53:36.6551619 +0500 +05 m=+0.006099101":{},"file":"orders.go: 122","func":"D:/GolandProjects/insight/internal/handlers/orders.go()","level":"error","msg":"invalid field found for struct insight/internal/models.OrderInfo's field Products: define a valid foreign key for relations or implement the Valuer/Scanner interface"}
